

Processing Base#index (for 127.0.0.1 at 2006-12-09 19:31:43) [GET]
  Session ID: 51aa0962ad76c5f48446ee939f6f9e9c
  Parameters: {}


ActionController::RoutingError (Recognition failed for "/login.rhtml"):
    C:/ruby/lib/ruby/gems/1.8/gems/actionpack-1.12.5/lib/action_controller/routing.rb:522:in `recognition_failed'
    C:/ruby/lib/ruby/gems/1.8/gems/actionpack-1.12.5/lib/action_controller/routing.rb:512:in `recognize!'
    C:/ruby/lib/ruby/gems/1.8/gems/rails-1.1.6/lib/dispatcher.rb:38:in `dispatch'
    C:/ruby/lib/ruby/gems/1.8/gems/rails-1.1.6/lib/webrick_server.rb:115:in `handle_dispatch'
    C:/ruby/lib/ruby/gems/1.8/gems/rails-1.1.6/lib/webrick_server.rb:81:in `service'
    C:/ruby/lib/ruby/1.8/webrick/httpserver.rb:104:in `service'
    C:/ruby/lib/ruby/1.8/webrick/httpserver.rb:65:in `run'
    C:/ruby/lib/ruby/1.8/webrick/server.rb:173:in `start_thread'
    C:/ruby/lib/ruby/1.8/webrick/server.rb:162:in `start'
    C:/ruby/lib/ruby/1.8/webrick/server.rb:162:in `start_thread'
    C:/ruby/lib/ruby/1.8/webrick/server.rb:95:in `start'
    C:/ruby/lib/ruby/1.8/webrick/server.rb:92:in `each'
    C:/ruby/lib/ruby/1.8/webrick/server.rb:92:in `start'
    C:/ruby/lib/ruby/1.8/webrick/server.rb:23:in `start'
    C:/ruby/lib/ruby/1.8/webrick/server.rb:82:in `start'
    C:/ruby/lib/ruby/gems/1.8/gems/rails-1.1.6/lib/webrick_server.rb:67:in `dispatch'
    C:/ruby/lib/ruby/gems/1.8/gems/rails-1.1.6/lib/commands/servers/webrick.rb:59
    C:/ruby/lib/ruby/site_ruby/1.8/rubygems/custom_require.rb:27:in `gem_original_require'
    C:/ruby/lib/ruby/site_ruby/1.8/rubygems/custom_require.rb:27:in `require'
    C:/ruby/lib/ruby/gems/1.8/gems/activesupport-1.3.1/lib/active_support/dependencies.rb:147:in `require'
    C:/ruby/lib/ruby/gems/1.8/gems/rails-1.1.6/lib/commands/server.rb:30
    C:/ruby/lib/ruby/site_ruby/1.8/rubygems/custom_require.rb:27:in `gem_original_require'
    C:/ruby/lib/ruby/site_ruby/1.8/rubygems/custom_require.rb:27:in `require'
    C:/ruby/lib/ruby/gems/1.8/gems/activesupport-1.3.1/lib/active_support/dependencies.rb:147:in `require'
    ./script/server:3
    -e:4:in `load'
    -e:4


Rendering C:/ruby/lib/ruby/gems/1.8/gems/actionpack-1.12.5/lib/action_controller/templates/rescues/layout.rhtml (404 Page Not Found)


Processing LoginController#index (for 127.0.0.1 at 2006-12-09 19:31:46) [GET]
  Session ID: 51aa0962ad76c5f48446ee939f6f9e9c
  Parameters: {"action"=>"index", "controller"=>"login"}


ActionController::UnknownAction (No action responded to index):
    C:/ruby/lib/ruby/gems/1.8/gems/actionpack-1.12.5/lib/action_controller/filters.rb:368:in `perform_action_without_benchmark'
    C:/ruby/lib/ruby/gems/1.8/gems/actionpack-1.12.5/lib/action_controller/benchmarking.rb:69:in `perform_action_without_rescue'
    C:/ruby/lib/ruby/1.8/benchmark.rb:293:in `measure'
    C:/ruby/lib/ruby/gems/1.8/gems/actionpack-1.12.5/lib/action_controller/benchmarking.rb:69:in `perform_action_without_rescue'
    C:/ruby/lib/ruby/gems/1.8/gems/actionpack-1.12.5/lib/action_controller/rescue.rb:82:in `perform_action'
    C:/ruby/lib/ruby/gems/1.8/gems/actionpack-1.12.5/lib/action_controller/base.rb:408:in `send'
    C:/ruby/lib/ruby/gems/1.8/gems/actionpack-1.12.5/lib/action_controller/base.rb:408:in `process_without_filters'
    C:/ruby/lib/ruby/gems/1.8/gems/actionpack-1.12.5/lib/action_controller/filters.rb:377:in `process_without_session_management_support'
    C:/ruby/lib/ruby/gems/1.8/gems/actionpack-1.12.5/lib/action_controller/session_management.rb:117:in `process'
    C:/ruby/lib/ruby/gems/1.8/gems/rails-1.1.6/lib/dispatcher.rb:38:in `dispatch'
    C:/ruby/lib/ruby/gems/1.8/gems/rails-1.1.6/lib/webrick_server.rb:115:in `handle_dispatch'
    C:/ruby/lib/ruby/gems/1.8/gems/rails-1.1.6/lib/webrick_server.rb:81:in `service'
    C:/ruby/lib/ruby/1.8/webrick/httpserver.rb:104:in `service'
    C:/ruby/lib/ruby/1.8/webrick/httpserver.rb:65:in `run'
    C:/ruby/lib/ruby/1.8/webrick/server.rb:173:in `start_thread'
    C:/ruby/lib/ruby/1.8/webrick/server.rb:162:in `start'
    C:/ruby/lib/ruby/1.8/webrick/server.rb:162:in `start_thread'
    C:/ruby/lib/ruby/1.8/webrick/server.rb:95:in `start'
    C:/ruby/lib/ruby/1.8/webrick/server.rb:92:in `each'
    C:/ruby/lib/ruby/1.8/webrick/server.rb:92:in `start'
    C:/ruby/lib/ruby/1.8/webrick/server.rb:23:in `start'
    C:/ruby/lib/ruby/1.8/webrick/server.rb:82:in `start'
    C:/ruby/lib/ruby/gems/1.8/gems/rails-1.1.6/lib/webrick_server.rb:67:in `dispatch'
    C:/ruby/lib/ruby/gems/1.8/gems/rails-1.1.6/lib/commands/servers/webrick.rb:59
    C:/ruby/lib/ruby/site_ruby/1.8/rubygems/custom_require.rb:27:in `gem_original_require'
    C:/ruby/lib/ruby/site_ruby/1.8/rubygems/custom_require.rb:27:in `require'
    C:/ruby/lib/ruby/gems/1.8/gems/activesupport-1.3.1/lib/active_support/dependencies.rb:147:in `require'
    C:/ruby/lib/ruby/gems/1.8/gems/rails-1.1.6/lib/commands/server.rb:30
    C:/ruby/lib/ruby/site_ruby/1.8/rubygems/custom_require.rb:27:in `gem_original_require'
    C:/ruby/lib/ruby/site_ruby/1.8/rubygems/custom_require.rb:27:in `require'
    C:/ruby/lib/ruby/gems/1.8/gems/activesupport-1.3.1/lib/active_support/dependencies.rb:147:in `require'
    ./script/server:3
    -e:4:in `load'
    -e:4


Rendering C:/ruby/lib/ruby/gems/1.8/gems/actionpack-1.12.5/lib/action_controller/templates/rescues/layout.rhtml (404 Page Not Found)


Processing LoginController#index (for 127.0.0.1 at 2006-12-09 19:31:59) [GET]
  Session ID: 51aa0962ad76c5f48446ee939f6f9e9c
  Parameters: {"action"=>"index", "controller"=>"login"}


ActionController::UnknownAction (No action responded to index):
    C:/ruby/lib/ruby/gems/1.8/gems/actionpack-1.12.5/lib/action_controller/filters.rb:368:in `perform_action_without_benchmark'
    C:/ruby/lib/ruby/gems/1.8/gems/actionpack-1.12.5/lib/action_controller/benchmarking.rb:69:in `perform_action_without_rescue'
    C:/ruby/lib/ruby/1.8/benchmark.rb:293:in `measure'
    C:/ruby/lib/ruby/gems/1.8/gems/actionpack-1.12.5/lib/action_controller/benchmarking.rb:69:in `perform_action_without_rescue'
    C:/ruby/lib/ruby/gems/1.8/gems/actionpack-1.12.5/lib/action_controller/rescue.rb:82:in `perform_action'
    C:/ruby/lib/ruby/gems/1.8/gems/actionpack-1.12.5/lib/action_controller/base.rb:408:in `send'
    C:/ruby/lib/ruby/gems/1.8/gems/actionpack-1.12.5/lib/action_controller/base.rb:408:in `process_without_filters'
    C:/ruby/lib/ruby/gems/1.8/gems/actionpack-1.12.5/lib/action_controller/filters.rb:377:in `process_without_session_management_support'
    C:/ruby/lib/ruby/gems/1.8/gems/actionpack-1.12.5/lib/action_controller/session_management.rb:117:in `process'
    C:/ruby/lib/ruby/gems/1.8/gems/rails-1.1.6/lib/dispatcher.rb:38:in `dispatch'
    C:/ruby/lib/ruby/gems/1.8/gems/rails-1.1.6/lib/webrick_server.rb:115:in `handle_dispatch'
    C:/ruby/lib/ruby/gems/1.8/gems/rails-1.1.6/lib/webrick_server.rb:81:in `service'
    C:/ruby/lib/ruby/1.8/webrick/httpserver.rb:104:in `service'
    C:/ruby/lib/ruby/1.8/webrick/httpserver.rb:65:in `run'
    C:/ruby/lib/ruby/1.8/webrick/server.rb:173:in `start_thread'
    C:/ruby/lib/ruby/1.8/webrick/server.rb:162:in `start'
    C:/ruby/lib/ruby/1.8/webrick/server.rb:162:in `start_thread'
    C:/ruby/lib/ruby/1.8/webrick/server.rb:95:in `start'
    C:/ruby/lib/ruby/1.8/webrick/server.rb:92:in `each'
    C:/ruby/lib/ruby/1.8/webrick/server.rb:92:in `start'
    C:/ruby/lib/ruby/1.8/webrick/server.rb:23:in `start'
    C:/ruby/lib/ruby/1.8/webrick/server.rb:82:in `start'
    C:/ruby/lib/ruby/gems/1.8/gems/rails-1.1.6/lib/webrick_server.rb:67:in `dispatch'
    C:/ruby/lib/ruby/gems/1.8/gems/rails-1.1.6/lib/commands/servers/webrick.rb:59
    C:/ruby/lib/ruby/site_ruby/1.8/rubygems/custom_require.rb:27:in `gem_original_require'
    C:/ruby/lib/ruby/site_ruby/1.8/rubygems/custom_require.rb:27:in `require'
    C:/ruby/lib/ruby/gems/1.8/gems/activesupport-1.3.1/lib/active_support/dependencies.rb:147:in `require'
    C:/ruby/lib/ruby/gems/1.8/gems/rails-1.1.6/lib/commands/server.rb:30
    C:/ruby/lib/ruby/site_ruby/1.8/rubygems/custom_require.rb:27:in `gem_original_require'
    C:/ruby/lib/ruby/site_ruby/1.8/rubygems/custom_require.rb:27:in `require'
    C:/ruby/lib/ruby/gems/1.8/gems/activesupport-1.3.1/lib/active_support/dependencies.rb:147:in `require'
    ./script/server:3
    -e:4:in `load'
    -e:4


Rendering C:/ruby/lib/ruby/gems/1.8/gems/actionpack-1.12.5/lib/action_controller/templates/rescues/layout.rhtml (404 Page Not Found)


Processing LoginController#list (for 127.0.0.1 at 2006-12-09 19:32:08) [GET]
  Session ID: 51aa0962ad76c5f48446ee939f6f9e9c
  Parameters: {"action"=>"list", "controller"=>"login"}


ActionController::UnknownAction (No action responded to list):
    C:/ruby/lib/ruby/gems/1.8/gems/actionpack-1.12.5/lib/action_controller/filters.rb:368:in `perform_action_without_benchmark'
    C:/ruby/lib/ruby/gems/1.8/gems/actionpack-1.12.5/lib/action_controller/benchmarking.rb:69:in `perform_action_without_rescue'
    C:/ruby/lib/ruby/1.8/benchmark.rb:293:in `measure'
    C:/ruby/lib/ruby/gems/1.8/gems/actionpack-1.12.5/lib/action_controller/benchmarking.rb:69:in `perform_action_without_rescue'
    C:/ruby/lib/ruby/gems/1.8/gems/actionpack-1.12.5/lib/action_controller/rescue.rb:82:in `perform_action'
    C:/ruby/lib/ruby/gems/1.8/gems/actionpack-1.12.5/lib/action_controller/base.rb:408:in `send'
    C:/ruby/lib/ruby/gems/1.8/gems/actionpack-1.12.5/lib/action_controller/base.rb:408:in `process_without_filters'
    C:/ruby/lib/ruby/gems/1.8/gems/actionpack-1.12.5/lib/action_controller/filters.rb:377:in `process_without_session_management_support'
    C:/ruby/lib/ruby/gems/1.8/gems/actionpack-1.12.5/lib/action_controller/session_management.rb:117:in `process'
    C:/ruby/lib/ruby/gems/1.8/gems/rails-1.1.6/lib/dispatcher.rb:38:in `dispatch'
    C:/ruby/lib/ruby/gems/1.8/gems/rails-1.1.6/lib/webrick_server.rb:115:in `handle_dispatch'
    C:/ruby/lib/ruby/gems/1.8/gems/rails-1.1.6/lib/webrick_server.rb:81:in `service'
    C:/ruby/lib/ruby/1.8/webrick/httpserver.rb:104:in `service'
    C:/ruby/lib/ruby/1.8/webrick/httpserver.rb:65:in `run'
    C:/ruby/lib/ruby/1.8/webrick/server.rb:173:in `start_thread'
    C:/ruby/lib/ruby/1.8/webrick/server.rb:162:in `start'
    C:/ruby/lib/ruby/1.8/webrick/server.rb:162:in `start_thread'
    C:/ruby/lib/ruby/1.8/webrick/server.rb:95:in `start'
    C:/ruby/lib/ruby/1.8/webrick/server.rb:92:in `each'
    C:/ruby/lib/ruby/1.8/webrick/server.rb:92:in `start'
    C:/ruby/lib/ruby/1.8/webrick/server.rb:23:in `start'
    C:/ruby/lib/ruby/1.8/webrick/server.rb:82:in `start'
    C:/ruby/lib/ruby/gems/1.8/gems/rails-1.1.6/lib/webrick_server.rb:67:in `dispatch'
    C:/ruby/lib/ruby/gems/1.8/gems/rails-1.1.6/lib/commands/servers/webrick.rb:59
    C:/ruby/lib/ruby/site_ruby/1.8/rubygems/custom_require.rb:27:in `gem_original_require'
    C:/ruby/lib/ruby/site_ruby/1.8/rubygems/custom_require.rb:27:in `require'
    C:/ruby/lib/ruby/gems/1.8/gems/activesupport-1.3.1/lib/active_support/dependencies.rb:147:in `require'
    C:/ruby/lib/ruby/gems/1.8/gems/rails-1.1.6/lib/commands/server.rb:30
    C:/ruby/lib/ruby/site_ruby/1.8/rubygems/custom_require.rb:27:in `gem_original_require'
    C:/ruby/lib/ruby/site_ruby/1.8/rubygems/custom_require.rb:27:in `require'
    C:/ruby/lib/ruby/gems/1.8/gems/activesupport-1.3.1/lib/active_support/dependencies.rb:147:in `require'
    ./script/server:3
    -e:4:in `load'
    -e:4


Rendering C:/ruby/lib/ruby/gems/1.8/gems/actionpack-1.12.5/lib/action_controller/templates/rescues/layout.rhtml (404 Page Not Found)


Processing Base#index (for 127.0.0.1 at 2006-12-09 19:32:29) [GET]
  Session ID: 51aa0962ad76c5f48446ee939f6f9e9c
  Parameters: {}


ActionController::RoutingError (Recognition failed for "/login_controler"):
    C:/ruby/lib/ruby/gems/1.8/gems/actionpack-1.12.5/lib/action_controller/routing.rb:522:in `recognition_failed'
    C:/ruby/lib/ruby/gems/1.8/gems/actionpack-1.12.5/lib/action_controller/routing.rb:512:in `recognize!'
    C:/ruby/lib/ruby/gems/1.8/gems/rails-1.1.6/lib/dispatcher.rb:38:in `dispatch'
    C:/ruby/lib/ruby/gems/1.8/gems/rails-1.1.6/lib/webrick_server.rb:115:in `handle_dispatch'
    C:/ruby/lib/ruby/gems/1.8/gems/rails-1.1.6/lib/webrick_server.rb:81:in `service'
    C:/ruby/lib/ruby/1.8/webrick/httpserver.rb:104:in `service'
    C:/ruby/lib/ruby/1.8/webrick/httpserver.rb:65:in `run'
    C:/ruby/lib/ruby/1.8/webrick/server.rb:173:in `start_thread'
    C:/ruby/lib/ruby/1.8/webrick/server.rb:162:in `start'
    C:/ruby/lib/ruby/1.8/webrick/server.rb:162:in `start_thread'
    C:/ruby/lib/ruby/1.8/webrick/server.rb:95:in `start'
    C:/ruby/lib/ruby/1.8/webrick/server.rb:92:in `each'
    C:/ruby/lib/ruby/1.8/webrick/server.rb:92:in `start'
    C:/ruby/lib/ruby/1.8/webrick/server.rb:23:in `start'
    C:/ruby/lib/ruby/1.8/webrick/server.rb:82:in `start'
    C:/ruby/lib/ruby/gems/1.8/gems/rails-1.1.6/lib/webrick_server.rb:67:in `dispatch'
    C:/ruby/lib/ruby/gems/1.8/gems/rails-1.1.6/lib/commands/servers/webrick.rb:59
    C:/ruby/lib/ruby/site_ruby/1.8/rubygems/custom_require.rb:27:in `gem_original_require'
    C:/ruby/lib/ruby/site_ruby/1.8/rubygems/custom_require.rb:27:in `require'
    C:/ruby/lib/ruby/gems/1.8/gems/activesupport-1.3.1/lib/active_support/dependencies.rb:147:in `require'
    C:/ruby/lib/ruby/gems/1.8/gems/rails-1.1.6/lib/commands/server.rb:30
    C:/ruby/lib/ruby/site_ruby/1.8/rubygems/custom_require.rb:27:in `gem_original_require'
    C:/ruby/lib/ruby/site_ruby/1.8/rubygems/custom_require.rb:27:in `require'
    C:/ruby/lib/ruby/gems/1.8/gems/activesupport-1.3.1/lib/active_support/dependencies.rb:147:in `require'
    ./script/server:3
    -e:4:in `load'
    -e:4


Rendering C:/ruby/lib/ruby/gems/1.8/gems/actionpack-1.12.5/lib/action_controller/templates/rescues/layout.rhtml (404 Page Not Found)


Processing LoginController#index (for 127.0.0.1 at 2006-12-09 19:32:33) [GET]
  Session ID: 51aa0962ad76c5f48446ee939f6f9e9c
  Parameters: {"action"=>"index", "controller"=>"login"}


ActionController::UnknownAction (No action responded to index):
    C:/ruby/lib/ruby/gems/1.8/gems/actionpack-1.12.5/lib/action_controller/filters.rb:368:in `perform_action_without_benchmark'
    C:/ruby/lib/ruby/gems/1.8/gems/actionpack-1.12.5/lib/action_controller/benchmarking.rb:69:in `perform_action_without_rescue'
    C:/ruby/lib/ruby/1.8/benchmark.rb:293:in `measure'
    C:/ruby/lib/ruby/gems/1.8/gems/actionpack-1.12.5/lib/action_controller/benchmarking.rb:69:in `perform_action_without_rescue'
    C:/ruby/lib/ruby/gems/1.8/gems/actionpack-1.12.5/lib/action_controller/rescue.rb:82:in `perform_action'
    C:/ruby/lib/ruby/gems/1.8/gems/actionpack-1.12.5/lib/action_controller/base.rb:408:in `send'
    C:/ruby/lib/ruby/gems/1.8/gems/actionpack-1.12.5/lib/action_controller/base.rb:408:in `process_without_filters'
    C:/ruby/lib/ruby/gems/1.8/gems/actionpack-1.12.5/lib/action_controller/filters.rb:377:in `process_without_session_management_support'
    C:/ruby/lib/ruby/gems/1.8/gems/actionpack-1.12.5/lib/action_controller/session_management.rb:117:in `process'
    C:/ruby/lib/ruby/gems/1.8/gems/rails-1.1.6/lib/dispatcher.rb:38:in `dispatch'
    C:/ruby/lib/ruby/gems/1.8/gems/rails-1.1.6/lib/webrick_server.rb:115:in `handle_dispatch'
    C:/ruby/lib/ruby/gems/1.8/gems/rails-1.1.6/lib/webrick_server.rb:81:in `service'
    C:/ruby/lib/ruby/1.8/webrick/httpserver.rb:104:in `service'
    C:/ruby/lib/ruby/1.8/webrick/httpserver.rb:65:in `run'
    C:/ruby/lib/ruby/1.8/webrick/server.rb:173:in `start_thread'
    C:/ruby/lib/ruby/1.8/webrick/server.rb:162:in `start'
    C:/ruby/lib/ruby/1.8/webrick/server.rb:162:in `start_thread'
    C:/ruby/lib/ruby/1.8/webrick/server.rb:95:in `start'
    C:/ruby/lib/ruby/1.8/webrick/server.rb:92:in `each'
    C:/ruby/lib/ruby/1.8/webrick/server.rb:92:in `start'
    C:/ruby/lib/ruby/1.8/webrick/server.rb:23:in `start'
    C:/ruby/lib/ruby/1.8/webrick/server.rb:82:in `start'
    C:/ruby/lib/ruby/gems/1.8/gems/rails-1.1.6/lib/webrick_server.rb:67:in `dispatch'
    C:/ruby/lib/ruby/gems/1.8/gems/rails-1.1.6/lib/commands/servers/webrick.rb:59
    C:/ruby/lib/ruby/site_ruby/1.8/rubygems/custom_require.rb:27:in `gem_original_require'
    C:/ruby/lib/ruby/site_ruby/1.8/rubygems/custom_require.rb:27:in `require'
    C:/ruby/lib/ruby/gems/1.8/gems/activesupport-1.3.1/lib/active_support/dependencies.rb:147:in `require'
    C:/ruby/lib/ruby/gems/1.8/gems/rails-1.1.6/lib/commands/server.rb:30
    C:/ruby/lib/ruby/site_ruby/1.8/rubygems/custom_require.rb:27:in `gem_original_require'
    C:/ruby/lib/ruby/site_ruby/1.8/rubygems/custom_require.rb:27:in `require'
    C:/ruby/lib/ruby/gems/1.8/gems/activesupport-1.3.1/lib/active_support/dependencies.rb:147:in `require'
    ./script/server:3
    -e:4:in `load'
    -e:4


Rendering C:/ruby/lib/ruby/gems/1.8/gems/actionpack-1.12.5/lib/action_controller/templates/rescues/layout.rhtml (404 Page Not Found)


Processing Base#index (for 127.0.0.1 at 2006-12-09 19:32:38) [GET]
  Session ID: 51aa0962ad76c5f48446ee939f6f9e9c
  Parameters: {}


ActionController::RoutingError (Recognition failed for "/logins"):
    C:/ruby/lib/ruby/gems/1.8/gems/actionpack-1.12.5/lib/action_controller/routing.rb:522:in `recognition_failed'
    C:/ruby/lib/ruby/gems/1.8/gems/actionpack-1.12.5/lib/action_controller/routing.rb:512:in `recognize!'
    C:/ruby/lib/ruby/gems/1.8/gems/rails-1.1.6/lib/dispatcher.rb:38:in `dispatch'
    C:/ruby/lib/ruby/gems/1.8/gems/rails-1.1.6/lib/webrick_server.rb:115:in `handle_dispatch'
    C:/ruby/lib/ruby/gems/1.8/gems/rails-1.1.6/lib/webrick_server.rb:81:in `service'
    C:/ruby/lib/ruby/1.8/webrick/httpserver.rb:104:in `service'
    C:/ruby/lib/ruby/1.8/webrick/httpserver.rb:65:in `run'
    C:/ruby/lib/ruby/1.8/webrick/server.rb:173:in `start_thread'
    C:/ruby/lib/ruby/1.8/webrick/server.rb:162:in `start'
    C:/ruby/lib/ruby/1.8/webrick/server.rb:162:in `start_thread'
    C:/ruby/lib/ruby/1.8/webrick/server.rb:95:in `start'
    C:/ruby/lib/ruby/1.8/webrick/server.rb:92:in `each'
    C:/ruby/lib/ruby/1.8/webrick/server.rb:92:in `start'
    C:/ruby/lib/ruby/1.8/webrick/server.rb:23:in `start'
    C:/ruby/lib/ruby/1.8/webrick/server.rb:82:in `start'
    C:/ruby/lib/ruby/gems/1.8/gems/rails-1.1.6/lib/webrick_server.rb:67:in `dispatch'
    C:/ruby/lib/ruby/gems/1.8/gems/rails-1.1.6/lib/commands/servers/webrick.rb:59
    C:/ruby/lib/ruby/site_ruby/1.8/rubygems/custom_require.rb:27:in `gem_original_require'
    C:/ruby/lib/ruby/site_ruby/1.8/rubygems/custom_require.rb:27:in `require'
    C:/ruby/lib/ruby/gems/1.8/gems/activesupport-1.3.1/lib/active_support/dependencies.rb:147:in `require'
    C:/ruby/lib/ruby/gems/1.8/gems/rails-1.1.6/lib/commands/server.rb:30
    C:/ruby/lib/ruby/site_ruby/1.8/rubygems/custom_require.rb:27:in `gem_original_require'
    C:/ruby/lib/ruby/site_ruby/1.8/rubygems/custom_require.rb:27:in `require'
    C:/ruby/lib/ruby/gems/1.8/gems/activesupport-1.3.1/lib/active_support/dependencies.rb:147:in `require'
    ./script/server:3
    -e:4:in `load'
    -e:4


Rendering C:/ruby/lib/ruby/gems/1.8/gems/actionpack-1.12.5/lib/action_controller/templates/rescues/layout.rhtml (404 Page Not Found)


Processing LoginController#index (for 127.0.0.1 at 2006-12-09 19:32:41) [GET]
  Session ID: 51aa0962ad76c5f48446ee939f6f9e9c
  Parameters: {"action"=>"index", "controller"=>"login"}


ActionController::UnknownAction (No action responded to index):
    C:/ruby/lib/ruby/gems/1.8/gems/actionpack-1.12.5/lib/action_controller/filters.rb:368:in `perform_action_without_benchmark'
    C:/ruby/lib/ruby/gems/1.8/gems/actionpack-1.12.5/lib/action_controller/benchmarking.rb:69:in `perform_action_without_rescue'
    C:/ruby/lib/ruby/1.8/benchmark.rb:293:in `measure'
    C:/ruby/lib/ruby/gems/1.8/gems/actionpack-1.12.5/lib/action_controller/benchmarking.rb:69:in `perform_action_without_rescue'
    C:/ruby/lib/ruby/gems/1.8/gems/actionpack-1.12.5/lib/action_controller/rescue.rb:82:in `perform_action'
    C:/ruby/lib/ruby/gems/1.8/gems/actionpack-1.12.5/lib/action_controller/base.rb:408:in `send'
    C:/ruby/lib/ruby/gems/1.8/gems/actionpack-1.12.5/lib/action_controller/base.rb:408:in `process_without_filters'
    C:/ruby/lib/ruby/gems/1.8/gems/actionpack-1.12.5/lib/action_controller/filters.rb:377:in `process_without_session_management_support'
    C:/ruby/lib/ruby/gems/1.8/gems/actionpack-1.12.5/lib/action_controller/session_management.rb:117:in `process'
    C:/ruby/lib/ruby/gems/1.8/gems/rails-1.1.6/lib/dispatcher.rb:38:in `dispatch'
    C:/ruby/lib/ruby/gems/1.8/gems/rails-1.1.6/lib/webrick_server.rb:115:in `handle_dispatch'
    C:/ruby/lib/ruby/gems/1.8/gems/rails-1.1.6/lib/webrick_server.rb:81:in `service'
    C:/ruby/lib/ruby/1.8/webrick/httpserver.rb:104:in `service'
    C:/ruby/lib/ruby/1.8/webrick/httpserver.rb:65:in `run'
    C:/ruby/lib/ruby/1.8/webrick/server.rb:173:in `start_thread'
    C:/ruby/lib/ruby/1.8/webrick/server.rb:162:in `start'
    C:/ruby/lib/ruby/1.8/webrick/server.rb:162:in `start_thread'
    C:/ruby/lib/ruby/1.8/webrick/server.rb:95:in `start'
    C:/ruby/lib/ruby/1.8/webrick/server.rb:92:in `each'
    C:/ruby/lib/ruby/1.8/webrick/server.rb:92:in `start'
    C:/ruby/lib/ruby/1.8/webrick/server.rb:23:in `start'
    C:/ruby/lib/ruby/1.8/webrick/server.rb:82:in `start'
    C:/ruby/lib/ruby/gems/1.8/gems/rails-1.1.6/lib/webrick_server.rb:67:in `dispatch'
    C:/ruby/lib/ruby/gems/1.8/gems/rails-1.1.6/lib/commands/servers/webrick.rb:59
    C:/ruby/lib/ruby/site_ruby/1.8/rubygems/custom_require.rb:27:in `gem_original_require'
    C:/ruby/lib/ruby/site_ruby/1.8/rubygems/custom_require.rb:27:in `require'
    C:/ruby/lib/ruby/gems/1.8/gems/activesupport-1.3.1/lib/active_support/dependencies.rb:147:in `require'
    C:/ruby/lib/ruby/gems/1.8/gems/rails-1.1.6/lib/commands/server.rb:30
    C:/ruby/lib/ruby/site_ruby/1.8/rubygems/custom_require.rb:27:in `gem_original_require'
    C:/ruby/lib/ruby/site_ruby/1.8/rubygems/custom_require.rb:27:in `require'
    C:/ruby/lib/ruby/gems/1.8/gems/activesupport-1.3.1/lib/active_support/dependencies.rb:147:in `require'
    ./script/server:3
    -e:4:in `load'
    -e:4


Rendering C:/ruby/lib/ruby/gems/1.8/gems/actionpack-1.12.5/lib/action_controller/templates/rescues/layout.rhtml (404 Page Not Found)


Processing LoginController#index (for 127.0.0.1 at 2006-12-09 19:33:07) [GET]
  Session ID: 51aa0962ad76c5f48446ee939f6f9e9c
  Parameters: {"action"=>"index", "controller"=>"login"}


ActionController::UnknownAction (No action responded to index):
    C:/ruby/lib/ruby/gems/1.8/gems/actionpack-1.12.5/lib/action_controller/filters.rb:368:in `perform_action_without_benchmark'
    C:/ruby/lib/ruby/gems/1.8/gems/actionpack-1.12.5/lib/action_controller/benchmarking.rb:69:in `perform_action_without_rescue'
    C:/ruby/lib/ruby/1.8/benchmark.rb:293:in `measure'
    C:/ruby/lib/ruby/gems/1.8/gems/actionpack-1.12.5/lib/action_controller/benchmarking.rb:69:in `perform_action_without_rescue'
    C:/ruby/lib/ruby/gems/1.8/gems/actionpack-1.12.5/lib/action_controller/rescue.rb:82:in `perform_action'
    C:/ruby/lib/ruby/gems/1.8/gems/actionpack-1.12.5/lib/action_controller/base.rb:408:in `send'
    C:/ruby/lib/ruby/gems/1.8/gems/actionpack-1.12.5/lib/action_controller/base.rb:408:in `process_without_filters'
    C:/ruby/lib/ruby/gems/1.8/gems/actionpack-1.12.5/lib/action_controller/filters.rb:377:in `process_without_session_management_support'
    C:/ruby/lib/ruby/gems/1.8/gems/actionpack-1.12.5/lib/action_controller/session_management.rb:117:in `process'
    C:/ruby/lib/ruby/gems/1.8/gems/rails-1.1.6/lib/dispatcher.rb:38:in `dispatch'
    C:/ruby/lib/ruby/gems/1.8/gems/rails-1.1.6/lib/webrick_server.rb:115:in `handle_dispatch'
    C:/ruby/lib/ruby/gems/1.8/gems/rails-1.1.6/lib/webrick_server.rb:81:in `service'
    C:/ruby/lib/ruby/1.8/webrick/httpserver.rb:104:in `service'
    C:/ruby/lib/ruby/1.8/webrick/httpserver.rb:65:in `run'
    C:/ruby/lib/ruby/1.8/webrick/server.rb:173:in `start_thread'
    C:/ruby/lib/ruby/1.8/webrick/server.rb:162:in `start'
    C:/ruby/lib/ruby/1.8/webrick/server.rb:162:in `start_thread'
    C:/ruby/lib/ruby/1.8/webrick/server.rb:95:in `start'
    C:/ruby/lib/ruby/1.8/webrick/server.rb:92:in `each'
    C:/ruby/lib/ruby/1.8/webrick/server.rb:92:in `start'
    C:/ruby/lib/ruby/1.8/webrick/server.rb:23:in `start'
    C:/ruby/lib/ruby/1.8/webrick/server.rb:82:in `start'
    C:/ruby/lib/ruby/gems/1.8/gems/rails-1.1.6/lib/webrick_server.rb:67:in `dispatch'
    C:/ruby/lib/ruby/gems/1.8/gems/rails-1.1.6/lib/commands/servers/webrick.rb:59
    C:/ruby/lib/ruby/site_ruby/1.8/rubygems/custom_require.rb:27:in `gem_original_require'
    C:/ruby/lib/ruby/site_ruby/1.8/rubygems/custom_require.rb:27:in `require'
    C:/ruby/lib/ruby/gems/1.8/gems/activesupport-1.3.1/lib/active_support/dependencies.rb:147:in `require'
    C:/ruby/lib/ruby/gems/1.8/gems/rails-1.1.6/lib/commands/server.rb:30
    C:/ruby/lib/ruby/site_ruby/1.8/rubygems/custom_require.rb:27:in `gem_original_require'
    C:/ruby/lib/ruby/site_ruby/1.8/rubygems/custom_require.rb:27:in `require'
    C:/ruby/lib/ruby/gems/1.8/gems/activesupport-1.3.1/lib/active_support/dependencies.rb:147:in `require'
    ./script/server:3
    -e:4:in `load'
    -e:4


Rendering C:/ruby/lib/ruby/gems/1.8/gems/actionpack-1.12.5/lib/action_controller/templates/rescues/layout.rhtml (404 Page Not Found)


Processing LoginController#list (for 127.0.0.1 at 2006-12-09 19:33:11) [GET]
  Session ID: 51aa0962ad76c5f48446ee939f6f9e9c
  Parameters: {"action"=>"list", "controller"=>"login"}


ActionController::MissingTemplate (Missing template ./script/../config/../app/views/login/list.rhtml):
    C:/ruby/lib/ruby/gems/1.8/gems/actionpack-1.12.5/lib/action_controller/base.rb:1034:in `assert_existence_of_template_file'
    C:/ruby/lib/ruby/gems/1.8/gems/actionpack-1.12.5/lib/action_controller/base.rb:724:in `render_file'
    C:/ruby/lib/ruby/gems/1.8/gems/actionpack-1.12.5/lib/action_controller/base.rb:648:in `render_with_no_layout'
    C:/ruby/lib/ruby/gems/1.8/gems/actionpack-1.12.5/lib/action_controller/layout.rb:253:in `render_without_benchmark'
    C:/ruby/lib/ruby/gems/1.8/gems/actionpack-1.12.5/lib/action_controller/benchmarking.rb:53:in `render'
    C:/ruby/lib/ruby/1.8/benchmark.rb:293:in `measure'
    C:/ruby/lib/ruby/gems/1.8/gems/actionpack-1.12.5/lib/action_controller/benchmarking.rb:53:in `render'
    C:/ruby/lib/ruby/gems/1.8/gems/actionpack-1.12.5/lib/action_controller/base.rb:942:in `perform_action_without_filters'
    C:/ruby/lib/ruby/gems/1.8/gems/actionpack-1.12.5/lib/action_controller/filters.rb:368:in `perform_action_without_benchmark'
    C:/ruby/lib/ruby/gems/1.8/gems/actionpack-1.12.5/lib/action_controller/benchmarking.rb:69:in `perform_action_without_rescue'
    C:/ruby/lib/ruby/1.8/benchmark.rb:293:in `measure'
    C:/ruby/lib/ruby/gems/1.8/gems/actionpack-1.12.5/lib/action_controller/benchmarking.rb:69:in `perform_action_without_rescue'
    C:/ruby/lib/ruby/gems/1.8/gems/actionpack-1.12.5/lib/action_controller/rescue.rb:82:in `perform_action'
    C:/ruby/lib/ruby/gems/1.8/gems/actionpack-1.12.5/lib/action_controller/base.rb:408:in `send'
    C:/ruby/lib/ruby/gems/1.8/gems/actionpack-1.12.5/lib/action_controller/base.rb:408:in `process_without_filters'
    C:/ruby/lib/ruby/gems/1.8/gems/actionpack-1.12.5/lib/action_controller/filters.rb:377:in `process_without_session_management_support'
    C:/ruby/lib/ruby/gems/1.8/gems/actionpack-1.12.5/lib/action_controller/session_management.rb:117:in `process'
    C:/ruby/lib/ruby/gems/1.8/gems/rails-1.1.6/lib/dispatcher.rb:38:in `dispatch'
    C:/ruby/lib/ruby/gems/1.8/gems/rails-1.1.6/lib/webrick_server.rb:115:in `handle_dispatch'
    C:/ruby/lib/ruby/gems/1.8/gems/rails-1.1.6/lib/webrick_server.rb:81:in `service'
    C:/ruby/lib/ruby/1.8/webrick/httpserver.rb:104:in `service'
    C:/ruby/lib/ruby/1.8/webrick/httpserver.rb:65:in `run'
    C:/ruby/lib/ruby/1.8/webrick/server.rb:173:in `start_thread'
    C:/ruby/lib/ruby/1.8/webrick/server.rb:162:in `start'
    C:/ruby/lib/ruby/1.8/webrick/server.rb:162:in `start_thread'
    C:/ruby/lib/ruby/1.8/webrick/server.rb:95:in `start'
    C:/ruby/lib/ruby/1.8/webrick/server.rb:92:in `each'
    C:/ruby/lib/ruby/1.8/webrick/server.rb:92:in `start'
    C:/ruby/lib/ruby/1.8/webrick/server.rb:23:in `start'
    C:/ruby/lib/ruby/1.8/webrick/server.rb:82:in `start'
    C:/ruby/lib/ruby/gems/1.8/gems/rails-1.1.6/lib/webrick_server.rb:67:in `dispatch'
    C:/ruby/lib/ruby/gems/1.8/gems/rails-1.1.6/lib/commands/servers/webrick.rb:59
    C:/ruby/lib/ruby/site_ruby/1.8/rubygems/custom_require.rb:27:in `gem_original_require'
    C:/ruby/lib/ruby/site_ruby/1.8/rubygems/custom_require.rb:27:in `require'
    C:/ruby/lib/ruby/gems/1.8/gems/activesupport-1.3.1/lib/active_support/dependencies.rb:147:in `require'
    C:/ruby/lib/ruby/gems/1.8/gems/rails-1.1.6/lib/commands/server.rb:30
    C:/ruby/lib/ruby/site_ruby/1.8/rubygems/custom_require.rb:27:in `gem_original_require'
    C:/ruby/lib/ruby/site_ruby/1.8/rubygems/custom_require.rb:27:in `require'
    C:/ruby/lib/ruby/gems/1.8/gems/activesupport-1.3.1/lib/active_support/dependencies.rb:147:in `require'
    ./script/server:3
    -e:4:in `load'
    -e:4


Rendering C:/ruby/lib/ruby/gems/1.8/gems/actionpack-1.12.5/lib/action_controller/templates/rescues/layout.rhtml (500 Internal Error)


Processing LoginController#index (for 127.0.0.1 at 2006-12-09 19:33:33) [GET]
  Session ID: 51aa0962ad76c5f48446ee939f6f9e9c
  Parameters: {"action"=>"index", "controller"=>"login"}


ActionController::UnknownAction (No action responded to index):
    C:/ruby/lib/ruby/gems/1.8/gems/actionpack-1.12.5/lib/action_controller/filters.rb:368:in `perform_action_without_benchmark'
    C:/ruby/lib/ruby/gems/1.8/gems/actionpack-1.12.5/lib/action_controller/benchmarking.rb:69:in `perform_action_without_rescue'
    C:/ruby/lib/ruby/1.8/benchmark.rb:293:in `measure'
    C:/ruby/lib/ruby/gems/1.8/gems/actionpack-1.12.5/lib/action_controller/benchmarking.rb:69:in `perform_action_without_rescue'
    C:/ruby/lib/ruby/gems/1.8/gems/actionpack-1.12.5/lib/action_controller/rescue.rb:82:in `perform_action'
    C:/ruby/lib/ruby/gems/1.8/gems/actionpack-1.12.5/lib/action_controller/base.rb:408:in `send'
    C:/ruby/lib/ruby/gems/1.8/gems/actionpack-1.12.5/lib/action_controller/base.rb:408:in `process_without_filters'
    C:/ruby/lib/ruby/gems/1.8/gems/actionpack-1.12.5/lib/action_controller/filters.rb:377:in `process_without_session_management_support'
    C:/ruby/lib/ruby/gems/1.8/gems/actionpack-1.12.5/lib/action_controller/session_management.rb:117:in `process'
    C:/ruby/lib/ruby/gems/1.8/gems/rails-1.1.6/lib/dispatcher.rb:38:in `dispatch'
    C:/ruby/lib/ruby/gems/1.8/gems/rails-1.1.6/lib/webrick_server.rb:115:in `handle_dispatch'
    C:/ruby/lib/ruby/gems/1.8/gems/rails-1.1.6/lib/webrick_server.rb:81:in `service'
    C:/ruby/lib/ruby/1.8/webrick/httpserver.rb:104:in `service'
    C:/ruby/lib/ruby/1.8/webrick/httpserver.rb:65:in `run'
    C:/ruby/lib/ruby/1.8/webrick/server.rb:173:in `start_thread'
    C:/ruby/lib/ruby/1.8/webrick/server.rb:162:in `start'
    C:/ruby/lib/ruby/1.8/webrick/server.rb:162:in `start_thread'
    C:/ruby/lib/ruby/1.8/webrick/server.rb:95:in `start'
    C:/ruby/lib/ruby/1.8/webrick/server.rb:92:in `each'
    C:/ruby/lib/ruby/1.8/webrick/server.rb:92:in `start'
    C:/ruby/lib/ruby/1.8/webrick/server.rb:23:in `start'
    C:/ruby/lib/ruby/1.8/webrick/server.rb:82:in `start'
    C:/ruby/lib/ruby/gems/1.8/gems/rails-1.1.6/lib/webrick_server.rb:67:in `dispatch'
    C:/ruby/lib/ruby/gems/1.8/gems/rails-1.1.6/lib/commands/servers/webrick.rb:59
    C:/ruby/lib/ruby/site_ruby/1.8/rubygems/custom_require.rb:27:in `gem_original_require'
    C:/ruby/lib/ruby/site_ruby/1.8/rubygems/custom_require.rb:27:in `require'
    C:/ruby/lib/ruby/gems/1.8/gems/activesupport-1.3.1/lib/active_support/dependencies.rb:147:in `require'
    C:/ruby/lib/ruby/gems/1.8/gems/rails-1.1.6/lib/commands/server.rb:30
    C:/ruby/lib/ruby/site_ruby/1.8/rubygems/custom_require.rb:27:in `gem_original_require'
    C:/ruby/lib/ruby/site_ruby/1.8/rubygems/custom_require.rb:27:in `require'
    C:/ruby/lib/ruby/gems/1.8/gems/activesupport-1.3.1/lib/active_support/dependencies.rb:147:in `require'
    ./script/server:3
    -e:4:in `load'
    -e:4


Rendering C:/ruby/lib/ruby/gems/1.8/gems/actionpack-1.12.5/lib/action_controller/templates/rescues/layout.rhtml (404 Page Not Found)


Processing LoginController#index (for 127.0.0.1 at 2006-12-09 19:34:56) [GET]
  Session ID: 51aa0962ad76c5f48446ee939f6f9e9c
  Parameters: {"action"=>"index", "controller"=>"login"}
  [4;36;1mUser Columns (0.000000)[0m   [0;1mMysql::Error: Lost connection to MySQL server during query: SHOW FIELDS FROM users[0m


ActiveRecord::StatementInvalid (Mysql::Error: Lost connection to MySQL server during query: SHOW FIELDS FROM users):
    C:/ruby/lib/ruby/gems/1.8/gems/activerecord-1.14.4/lib/active_record/connection_adapters/abstract_adapter.rb:120:in `log'
    C:/ruby/lib/ruby/gems/1.8/gems/activerecord-1.14.4/lib/active_record/connection_adapters/mysql_adapter.rb:184:in `execute'
    C:/ruby/lib/ruby/gems/1.8/gems/activerecord-1.14.4/lib/active_record/connection_adapters/mysql_adapter.rb:292:in `columns'
    C:/ruby/lib/ruby/gems/1.8/gems/activerecord-1.14.4/lib/active_record/base.rb:696:in `columns'
    C:/ruby/lib/ruby/gems/1.8/gems/activerecord-1.14.4/lib/active_record/calculations.rb:216:in `column_for'
    C:/ruby/lib/ruby/gems/1.8/gems/activerecord-1.14.4/lib/active_record/calculations.rb:138:in `calculate'
    C:/ruby/lib/ruby/gems/1.8/gems/activerecord-1.14.4/lib/active_record/calculations.rb:66:in `count'
    C:/ruby/lib/ruby/gems/1.8/gems/actionpack-1.12.5/lib/action_controller/pagination.rb:172:in `count_collection_for_pagination'
    C:/ruby/lib/ruby/gems/1.8/gems/actionpack-1.12.5/lib/action_controller/pagination.rb:196:in `paginator_and_collection_for'
    C:/ruby/lib/ruby/gems/1.8/gems/actionpack-1.12.5/lib/action_controller/pagination.rb:129:in `paginate'
    C:/ruby/lib/ruby/gems/1.8/gems/actionpack-1.12.5/lib/action_controller/scaffolding.rb:109:in `list'
    C:/ruby/lib/ruby/gems/1.8/gems/actionpack-1.12.5/lib/action_controller/scaffolding.rb:97:in `index'
    C:/ruby/lib/ruby/gems/1.8/gems/actionpack-1.12.5/lib/action_controller/base.rb:941:in `send'
    C:/ruby/lib/ruby/gems/1.8/gems/actionpack-1.12.5/lib/action_controller/base.rb:941:in `perform_action_without_filters'
    C:/ruby/lib/ruby/gems/1.8/gems/actionpack-1.12.5/lib/action_controller/filters.rb:368:in `perform_action_without_benchmark'
    C:/ruby/lib/ruby/gems/1.8/gems/actionpack-1.12.5/lib/action_controller/benchmarking.rb:69:in `perform_action_without_rescue'
    C:/ruby/lib/ruby/1.8/benchmark.rb:293:in `measure'
    C:/ruby/lib/ruby/gems/1.8/gems/actionpack-1.12.5/lib/action_controller/benchmarking.rb:69:in `perform_action_without_rescue'
    C:/ruby/lib/ruby/gems/1.8/gems/actionpack-1.12.5/lib/action_controller/rescue.rb:82:in `perform_action'
    C:/ruby/lib/ruby/gems/1.8/gems/actionpack-1.12.5/lib/action_controller/base.rb:408:in `send'
    C:/ruby/lib/ruby/gems/1.8/gems/actionpack-1.12.5/lib/action_controller/base.rb:408:in `process_without_filters'
    C:/ruby/lib/ruby/gems/1.8/gems/actionpack-1.12.5/lib/action_controller/filters.rb:377:in `process_without_session_management_support'
    C:/ruby/lib/ruby/gems/1.8/gems/actionpack-1.12.5/lib/action_controller/session_management.rb:117:in `process'
    C:/ruby/lib/ruby/gems/1.8/gems/rails-1.1.6/lib/dispatcher.rb:38:in `dispatch'
    C:/ruby/lib/ruby/gems/1.8/gems/rails-1.1.6/lib/webrick_server.rb:115:in `handle_dispatch'
    C:/ruby/lib/ruby/gems/1.8/gems/rails-1.1.6/lib/webrick_server.rb:81:in `service'
    C:/ruby/lib/ruby/1.8/webrick/httpserver.rb:104:in `service'
    C:/ruby/lib/ruby/1.8/webrick/httpserver.rb:65:in `run'
    C:/ruby/lib/ruby/1.8/webrick/server.rb:173:in `start_thread'
    C:/ruby/lib/ruby/1.8/webrick/server.rb:162:in `start'
    C:/ruby/lib/ruby/1.8/webrick/server.rb:162:in `start_thread'
    C:/ruby/lib/ruby/1.8/webrick/server.rb:95:in `start'
    C:/ruby/lib/ruby/1.8/webrick/server.rb:92:in `each'
    C:/ruby/lib/ruby/1.8/webrick/server.rb:92:in `start'
    C:/ruby/lib/ruby/1.8/webrick/server.rb:23:in `start'
    C:/ruby/lib/ruby/1.8/webrick/server.rb:82:in `start'
    C:/ruby/lib/ruby/gems/1.8/gems/rails-1.1.6/lib/webrick_server.rb:67:in `dispatch'
    C:/ruby/lib/ruby/gems/1.8/gems/rails-1.1.6/lib/commands/servers/webrick.rb:59
    C:/ruby/lib/ruby/site_ruby/1.8/rubygems/custom_require.rb:27:in `gem_original_require'
    C:/ruby/lib/ruby/site_ruby/1.8/rubygems/custom_require.rb:27:in `require'
    C:/ruby/lib/ruby/gems/1.8/gems/activesupport-1.3.1/lib/active_support/dependencies.rb:147:in `require'
    C:/ruby/lib/ruby/gems/1.8/gems/rails-1.1.6/lib/commands/server.rb:30
    C:/ruby/lib/ruby/site_ruby/1.8/rubygems/custom_require.rb:27:in `gem_original_require'
    C:/ruby/lib/ruby/site_ruby/1.8/rubygems/custom_require.rb:27:in `require'
    C:/ruby/lib/ruby/gems/1.8/gems/activesupport-1.3.1/lib/active_support/dependencies.rb:147:in `require'
    ./script/server:3
    -e:4:in `load'
    -e:4


Rendering C:/ruby/lib/ruby/gems/1.8/gems/actionpack-1.12.5/lib/action_controller/templates/rescues/layout.rhtml (500 Internal Error)


Processing LoginController#index (for 127.0.0.1 at 2006-12-09 19:35:02) [GET]
  Session ID: 51aa0962ad76c5f48446ee939f6f9e9c
  Parameters: {"action"=>"index", "controller"=>"login"}
  [4;35;1mUser Columns (0.000000)[0m   [0mMysql::Error: Lost connection to MySQL server during query: SHOW FIELDS FROM users[0m


ActiveRecord::StatementInvalid (Mysql::Error: Lost connection to MySQL server during query: SHOW FIELDS FROM users):
    C:/ruby/lib/ruby/gems/1.8/gems/activerecord-1.14.4/lib/active_record/connection_adapters/abstract_adapter.rb:120:in `log'
    C:/ruby/lib/ruby/gems/1.8/gems/activerecord-1.14.4/lib/active_record/connection_adapters/mysql_adapter.rb:184:in `execute'
    C:/ruby/lib/ruby/gems/1.8/gems/activerecord-1.14.4/lib/active_record/connection_adapters/mysql_adapter.rb:292:in `columns'
    C:/ruby/lib/ruby/gems/1.8/gems/activerecord-1.14.4/lib/active_record/base.rb:696:in `columns'
    C:/ruby/lib/ruby/gems/1.8/gems/activerecord-1.14.4/lib/active_record/calculations.rb:216:in `column_for'
    C:/ruby/lib/ruby/gems/1.8/gems/activerecord-1.14.4/lib/active_record/calculations.rb:138:in `calculate'
    C:/ruby/lib/ruby/gems/1.8/gems/activerecord-1.14.4/lib/active_record/calculations.rb:66:in `count'
    C:/ruby/lib/ruby/gems/1.8/gems/actionpack-1.12.5/lib/action_controller/pagination.rb:172:in `count_collection_for_pagination'
    C:/ruby/lib/ruby/gems/1.8/gems/actionpack-1.12.5/lib/action_controller/pagination.rb:196:in `paginator_and_collection_for'
    C:/ruby/lib/ruby/gems/1.8/gems/actionpack-1.12.5/lib/action_controller/pagination.rb:129:in `paginate'
    C:/ruby/lib/ruby/gems/1.8/gems/actionpack-1.12.5/lib/action_controller/scaffolding.rb:109:in `list'
    C:/ruby/lib/ruby/gems/1.8/gems/actionpack-1.12.5/lib/action_controller/scaffolding.rb:97:in `index'
    C:/ruby/lib/ruby/gems/1.8/gems/actionpack-1.12.5/lib/action_controller/base.rb:941:in `send'
    C:/ruby/lib/ruby/gems/1.8/gems/actionpack-1.12.5/lib/action_controller/base.rb:941:in `perform_action_without_filters'
    C:/ruby/lib/ruby/gems/1.8/gems/actionpack-1.12.5/lib/action_controller/filters.rb:368:in `perform_action_without_benchmark'
    C:/ruby/lib/ruby/gems/1.8/gems/actionpack-1.12.5/lib/action_controller/benchmarking.rb:69:in `perform_action_without_rescue'
    C:/ruby/lib/ruby/1.8/benchmark.rb:293:in `measure'
    C:/ruby/lib/ruby/gems/1.8/gems/actionpack-1.12.5/lib/action_controller/benchmarking.rb:69:in `perform_action_without_rescue'
    C:/ruby/lib/ruby/gems/1.8/gems/actionpack-1.12.5/lib/action_controller/rescue.rb:82:in `perform_action'
    C:/ruby/lib/ruby/gems/1.8/gems/actionpack-1.12.5/lib/action_controller/base.rb:408:in `send'
    C:/ruby/lib/ruby/gems/1.8/gems/actionpack-1.12.5/lib/action_controller/base.rb:408:in `process_without_filters'
    C:/ruby/lib/ruby/gems/1.8/gems/actionpack-1.12.5/lib/action_controller/filters.rb:377:in `process_without_session_management_support'
    C:/ruby/lib/ruby/gems/1.8/gems/actionpack-1.12.5/lib/action_controller/session_management.rb:117:in `process'
    C:/ruby/lib/ruby/gems/1.8/gems/rails-1.1.6/lib/dispatcher.rb:38:in `dispatch'
    C:/ruby/lib/ruby/gems/1.8/gems/rails-1.1.6/lib/webrick_server.rb:115:in `handle_dispatch'
    C:/ruby/lib/ruby/gems/1.8/gems/rails-1.1.6/lib/webrick_server.rb:81:in `service'
    C:/ruby/lib/ruby/1.8/webrick/httpserver.rb:104:in `service'
    C:/ruby/lib/ruby/1.8/webrick/httpserver.rb:65:in `run'
    C:/ruby/lib/ruby/1.8/webrick/server.rb:173:in `start_thread'
    C:/ruby/lib/ruby/1.8/webrick/server.rb:162:in `start'
    C:/ruby/lib/ruby/1.8/webrick/server.rb:162:in `start_thread'
    C:/ruby/lib/ruby/1.8/webrick/server.rb:95:in `start'
    C:/ruby/lib/ruby/1.8/webrick/server.rb:92:in `each'
    C:/ruby/lib/ruby/1.8/webrick/server.rb:92:in `start'
    C:/ruby/lib/ruby/1.8/webrick/server.rb:23:in `start'
    C:/ruby/lib/ruby/1.8/webrick/server.rb:82:in `start'
    C:/ruby/lib/ruby/gems/1.8/gems/rails-1.1.6/lib/webrick_server.rb:67:in `dispatch'
    C:/ruby/lib/ruby/gems/1.8/gems/rails-1.1.6/lib/commands/servers/webrick.rb:59
    C:/ruby/lib/ruby/site_ruby/1.8/rubygems/custom_require.rb:27:in `gem_original_require'
    C:/ruby/lib/ruby/site_ruby/1.8/rubygems/custom_require.rb:27:in `require'
    C:/ruby/lib/ruby/gems/1.8/gems/activesupport-1.3.1/lib/active_support/dependencies.rb:147:in `require'
    C:/ruby/lib/ruby/gems/1.8/gems/rails-1.1.6/lib/commands/server.rb:30
    C:/ruby/lib/ruby/site_ruby/1.8/rubygems/custom_require.rb:27:in `gem_original_require'
    C:/ruby/lib/ruby/site_ruby/1.8/rubygems/custom_require.rb:27:in `require'
    C:/ruby/lib/ruby/gems/1.8/gems/activesupport-1.3.1/lib/active_support/dependencies.rb:147:in `require'
    ./script/server:3
    -e:4:in `load'
    -e:4


Rendering C:/ruby/lib/ruby/gems/1.8/gems/actionpack-1.12.5/lib/action_controller/templates/rescues/layout.rhtml (500 Internal Error)


Processing LoginController#index (for 127.0.0.1 at 2006-12-09 19:35:56) [GET]
  Session ID: 51aa0962ad76c5f48446ee939f6f9e9c
  Parameters: {"action"=>"index", "controller"=>"login"}


ActionController::MissingTemplate (Missing template ./script/../config/../app/views/login/index.rhtml):
    C:/ruby/lib/ruby/gems/1.8/gems/actionpack-1.12.5/lib/action_controller/base.rb:1034:in `assert_existence_of_template_file'
    C:/ruby/lib/ruby/gems/1.8/gems/actionpack-1.12.5/lib/action_controller/base.rb:724:in `render_file'
    C:/ruby/lib/ruby/gems/1.8/gems/actionpack-1.12.5/lib/action_controller/base.rb:648:in `render_with_no_layout'
    C:/ruby/lib/ruby/gems/1.8/gems/actionpack-1.12.5/lib/action_controller/layout.rb:253:in `render_without_benchmark'
    C:/ruby/lib/ruby/gems/1.8/gems/actionpack-1.12.5/lib/action_controller/benchmarking.rb:53:in `render'
    C:/ruby/lib/ruby/1.8/benchmark.rb:293:in `measure'
    C:/ruby/lib/ruby/gems/1.8/gems/actionpack-1.12.5/lib/action_controller/benchmarking.rb:53:in `render'
    C:/ruby/lib/ruby/gems/1.8/gems/actionpack-1.12.5/lib/action_controller/base.rb:942:in `perform_action_without_filters'
    C:/ruby/lib/ruby/gems/1.8/gems/actionpack-1.12.5/lib/action_controller/filters.rb:368:in `perform_action_without_benchmark'
    C:/ruby/lib/ruby/gems/1.8/gems/actionpack-1.12.5/lib/action_controller/benchmarking.rb:69:in `perform_action_without_rescue'
    C:/ruby/lib/ruby/1.8/benchmark.rb:293:in `measure'
    C:/ruby/lib/ruby/gems/1.8/gems/actionpack-1.12.5/lib/action_controller/benchmarking.rb:69:in `perform_action_without_rescue'
    C:/ruby/lib/ruby/gems/1.8/gems/actionpack-1.12.5/lib/action_controller/rescue.rb:82:in `perform_action'
    C:/ruby/lib/ruby/gems/1.8/gems/actionpack-1.12.5/lib/action_controller/base.rb:408:in `send'
    C:/ruby/lib/ruby/gems/1.8/gems/actionpack-1.12.5/lib/action_controller/base.rb:408:in `process_without_filters'
    C:/ruby/lib/ruby/gems/1.8/gems/actionpack-1.12.5/lib/action_controller/filters.rb:377:in `process_without_session_management_support'
    C:/ruby/lib/ruby/gems/1.8/gems/actionpack-1.12.5/lib/action_controller/session_management.rb:117:in `process'
    C:/ruby/lib/ruby/gems/1.8/gems/rails-1.1.6/lib/dispatcher.rb:38:in `dispatch'
    C:/ruby/lib/ruby/gems/1.8/gems/rails-1.1.6/lib/webrick_server.rb:115:in `handle_dispatch'
    C:/ruby/lib/ruby/gems/1.8/gems/rails-1.1.6/lib/webrick_server.rb:81:in `service'
    C:/ruby/lib/ruby/1.8/webrick/httpserver.rb:104:in `service'
    C:/ruby/lib/ruby/1.8/webrick/httpserver.rb:65:in `run'
    C:/ruby/lib/ruby/1.8/webrick/server.rb:173:in `start_thread'
    C:/ruby/lib/ruby/1.8/webrick/server.rb:162:in `start'
    C:/ruby/lib/ruby/1.8/webrick/server.rb:162:in `start_thread'
    C:/ruby/lib/ruby/1.8/webrick/server.rb:95:in `start'
    C:/ruby/lib/ruby/1.8/webrick/server.rb:92:in `each'
    C:/ruby/lib/ruby/1.8/webrick/server.rb:92:in `start'
    C:/ruby/lib/ruby/1.8/webrick/server.rb:23:in `start'
    C:/ruby/lib/ruby/1.8/webrick/server.rb:82:in `start'
    C:/ruby/lib/ruby/gems/1.8/gems/rails-1.1.6/lib/webrick_server.rb:67:in `dispatch'
    C:/ruby/lib/ruby/gems/1.8/gems/rails-1.1.6/lib/commands/servers/webrick.rb:59
    C:/ruby/lib/ruby/site_ruby/1.8/rubygems/custom_require.rb:27:in `gem_original_require'
    C:/ruby/lib/ruby/site_ruby/1.8/rubygems/custom_require.rb:27:in `require'
    C:/ruby/lib/ruby/gems/1.8/gems/activesupport-1.3.1/lib/active_support/dependencies.rb:147:in `require'
    C:/ruby/lib/ruby/gems/1.8/gems/rails-1.1.6/lib/commands/server.rb:30
    C:/ruby/lib/ruby/site_ruby/1.8/rubygems/custom_require.rb:27:in `gem_original_require'
    C:/ruby/lib/ruby/site_ruby/1.8/rubygems/custom_require.rb:27:in `require'
    C:/ruby/lib/ruby/gems/1.8/gems/activesupport-1.3.1/lib/active_support/dependencies.rb:147:in `require'
    ./script/server:3
    -e:4:in `load'
    -e:4


Rendering C:/ruby/lib/ruby/gems/1.8/gems/actionpack-1.12.5/lib/action_controller/templates/rescues/layout.rhtml (500 Internal Error)


Processing LoginController#index (for 127.0.0.1 at 2006-12-09 19:36:17) [GET]
  Session ID: 51aa0962ad76c5f48446ee939f6f9e9c
  Parameters: {"action"=>"index", "controller"=>"login"}
Completed in 0.01000 (100 reqs/sec) | DB: 0.00000 (0%) | 200 OK [http://localhost/login]


Processing LoginController#index (for 127.0.0.1 at 2006-12-09 19:38:07) [GET]
  Session ID: 51aa0962ad76c5f48446ee939f6f9e9c
  Parameters: {"action"=>"index", "controller"=>"login"}
Rendering login/index
Completed in 0.01000 (100 reqs/sec) | Rendering: 0.00000 (0%) | DB: 0.00000 (0%) | 200 OK [http://localhost/login]
